<?xml version="1.0" encoding="UTF-8"?>
<!-- Generated by org.testng.reporters.JUnitReportReporter -->
<testsuite hostname="LAP-SAGARS" failures="0" tests="1" name="post_put_delete_session03.Validate_PPD_api" time="4.896" errors="0" timestamp="2023-01-05T19:29:31 IST" skipped="0">
  <testcase classname="post_put_delete_session03.Validate_PPD_api" name="Validate_Delete_Request" time="4.896"/>
  <system-out/>
</testsuite> <!-- post_put_delete_session03.Validate_PPD_api -->
