<?xml version="1.0" encoding="UTF-8"?>
<!-- Generated by org.testng.reporters.JUnitReportReporter -->
<testsuite hostname="LAP-SAGARS" failures="0" tests="1" name="post_put_delete_session03.Validate_PPD_api" time="4.823" errors="0" timestamp="2023-01-04T22:54:17 IST" skipped="0">
  <testcase classname="post_put_delete_session03.Validate_PPD_api" name="Put_Using_Json_Object" time="4.823"/>
  <system-out/>
</testsuite> <!-- post_put_delete_session03.Validate_PPD_api -->
