<?xml version="1.0" encoding="UTF-8"?>
<!-- Generated by org.testng.reporters.JUnitReportReporter -->
<testsuite hostname="LAP-SAGARS" failures="0" tests="3" name="get_api.GET_Testing" time="6.335" errors="0" timestamp="2023-01-02T22:37:12 IST" skipped="0">
  <testcase classname="get_api.GET_Testing" name="Validate_XML_Response" time="1.703"/>
  <system-out/>
  <testcase classname="get_api.GET_Testing" name="Extract_Single_Value_Lesson14" time="4.260"/>
  <system-out/>
  <testcase classname="get_api.GET_Testing" name="Validate_GET_API" time="0.372"/>
  <system-out/>
</testsuite> <!-- get_api.GET_Testing -->
